<?xml version="1.0" encoding="UTF-8"?>
<!-- Generated by org.testng.reporters.JUnitReportReporter -->
<testsuite ignored="0" hostname="INLEN8520046721" failures="0" tests="1" name="com.demo.NewTest" time="65.024" errors="0" timestamp="09 Jan 2023 13:02:46 GMT" skipped="0">
  <testcase classname="com.demo.NewTest" name="s4" time="65.024"/>
</testsuite> <!-- com.demo.NewTest -->
